The system is: Darwin - 19.4.0 - x86_64
Compiling the C compiler identification source file "CMakeCCompilerId.c" succeeded.
Compiler:  
Build flags: 
Id flags:  

The output was:
0
note: Using new build system
note: Planning build
note: Constructing build description
warning: Traditional headermap style is no longer supported; please migrate to using separate headermaps and set 'ALWAYS_SEARCH_USER_PATHS' to NO. (in target 'CompilerIdC' from project 'CompilerIdC')
CreateBuildDirectory /Volumes/albert/OpenGL/glfw-3.3.4/Build/CMakeFiles/3.21.0-rc2/CompilerIdC (in target 'CompilerIdC' from project 'CompilerIdC')
    cd /Volumes/albert/OpenGL/glfw-3.3.4/Build/CMakeFiles/3.21.0-rc2/CompilerIdC
    builtin-create-build-directory /Volumes/albert/OpenGL/glfw-3.3.4/Build/CMakeFiles/3.21.0-rc2/CompilerIdC

WriteAuxiliaryFile /Volumes/albert/OpenGL/glfw-3.3.4/Build/CMakeFiles/3.21.0-rc2/CompilerIdC/CompilerIdC.build/Debug/CompilerIdC.build/CompilerIdC-project-headers.hmap (in target 'CompilerIdC' from project 'CompilerIdC')
    cd /Volumes/albert/OpenGL/glfw-3.3.4/Build/CMakeFiles/3.21.0-rc2/CompilerIdC
    write-file /Volumes/albert/OpenGL/glfw-3.3.4/Build/CMakeFiles/3.21.0-rc2/CompilerIdC/CompilerIdC.build/Debug/CompilerIdC.build/CompilerIdC-project-headers.hmap

WriteAuxiliaryFile /Volumes/albert/OpenGL/glfw-3.3.4/Build/CMakeFiles/3.21.0-rc2/CompilerIdC/CompilerIdC.build/Debug/CompilerIdC.build/all-product-headers.yaml (in target 'CompilerIdC' from project 'CompilerIdC')
    cd /Volumes/albert/OpenGL/glfw-3.3.4/Build/CMakeFiles/3.21.0-rc2/CompilerIdC
    write-file /Volumes/albert/OpenGL/glfw-3.3.4/Build/CMakeFiles/3.21.0-rc2/CompilerIdC/CompilerIdC.build/Debug/CompilerIdC.build/all-product-headers.yaml

WriteAuxiliaryFile /Volumes/albert/OpenGL/glfw-3.3.4/Build/CMakeFiles/3.21.0-rc2/CompilerIdC/CompilerIdC.build/Debug/CompilerIdC.build/CompilerIdC-own-target-headers.hmap (in target 'CompilerIdC' from project 'CompilerIdC')
    cd /Volumes/albert/OpenGL/glfw-3.3.4/Build/CMakeFiles/3.21.0-rc2/CompilerIdC
    write-file /Volumes/albert/OpenGL/glfw-3.3.4/Build/CMakeFiles/3.21.0-rc2/CompilerIdC/CompilerIdC.build/Debug/CompilerIdC.build/CompilerIdC-own-target-headers.hmap

WriteAuxiliaryFile /Volumes/albert/OpenGL/glfw-3.3.4/Build/CMakeFiles/3.21.0-rc2/CompilerIdC/CompilerIdC.build/Debug/CompilerIdC.build/CompilerIdC.hmap (in target 'CompilerIdC' from project 'CompilerIdC')
    cd /Volumes/albert/OpenGL/glfw-3.3.4/Build/CMakeFiles/3.21.0-rc2/CompilerIdC
    write-file /Volumes/albert/OpenGL/glfw-3.3.4/Build/CMakeFiles/3.21.0-rc2/CompilerIdC/CompilerIdC.build/Debug/CompilerIdC.build/CompilerIdC.hmap

WriteAuxiliaryFile /Volumes/albert/OpenGL/glfw-3.3.4/Build/CMakeFiles/3.21.0-rc2/CompilerIdC/CompilerIdC.build/Debug/CompilerIdC.build/CompilerIdC-generated-files.hmap (in target 'CompilerIdC' from project 'CompilerIdC')
    cd /Volumes/albert/OpenGL/glfw-3.3.4/Build/CMakeFiles/3.21.0-rc2/CompilerIdC
    write-file /Volumes/albert/OpenGL/glfw-3.3.4/Build/CMakeFiles/3.21.0-rc2/CompilerIdC/CompilerIdC.build/Debug/CompilerIdC.build/CompilerIdC-generated-files.hmap

WriteAuxiliaryFile /Volumes/albert/OpenGL/glfw-3.3.4/Build/CMakeFiles/3.21.0-rc2/CompilerIdC/CompilerIdC.build/Debug/CompilerIdC.build/CompilerIdC-all-target-headers.hmap (in target 'CompilerIdC' from project 'CompilerIdC')
    cd /Volumes/albert/OpenGL/glfw-3.3.4/Build/CMakeFiles/3.21.0-rc2/CompilerIdC
    write-file /Volumes/albert/OpenGL/glfw-3.3.4/Build/CMakeFiles/3.21.0-rc2/CompilerIdC/CompilerIdC.build/Debug/CompilerIdC.build/CompilerIdC-all-target-headers.hmap

WriteAuxiliaryFile /Volumes/albert/OpenGL/glfw-3.3.4/Build/CMakeFiles/3.21.0-rc2/CompilerIdC/CompilerIdC.build/Debug/CompilerIdC.build/CompilerIdC-all-non-framework-target-headers.hmap (in target 'CompilerIdC' from project 'CompilerIdC')
    cd /Volumes/albert/OpenGL/glfw-3.3.4/Build/CMakeFiles/3.21.0-rc2/CompilerIdC
    write-file /Volumes/albert/OpenGL/glfw-3.3.4/Build/CMakeFiles/3.21.0-rc2/CompilerIdC/CompilerIdC.build/Debug/CompilerIdC.build/CompilerIdC-all-non-framework-target-headers.hmap

WriteAuxiliaryFile /Volumes/albert/OpenGL/glfw-3.3.4/Build/CMakeFiles/3.21.0-rc2/CompilerIdC/CompilerIdC.build/Debug/CompilerIdC.build/Objects-normal/x86_64/CompilerIdC.LinkFileList (in target 'CompilerIdC' from project 'CompilerIdC')
    cd /Volumes/albert/OpenGL/glfw-3.3.4/Build/CMakeFiles/3.21.0-rc2/CompilerIdC
    write-file /Volumes/albert/OpenGL/glfw-3.3.4/Build/CMakeFiles/3.21.0-rc2/CompilerIdC/CompilerIdC.build/Debug/CompilerIdC.build/Objects-normal/x86_64/CompilerIdC.LinkFileList

CompileC /Volumes/albert/OpenGL/glfw-3.3.4/Build/CMakeFiles/3.21.0-rc2/CompilerIdC/CompilerIdC.build/Debug/CompilerIdC.build/Objects-normal/x86_64/CMakeCCompilerId.o /Volumes/albert/OpenGL/glfw-3.3.4/Build/CMakeFiles/3.21.0-rc2/CompilerIdC/CMakeCCompilerId.c normal x86_64 c com.apple.compilers.llvm.clang.1_0.compiler (in target 'CompilerIdC' from project 'CompilerIdC')
    cd /Volumes/albert/OpenGL/glfw-3.3.4/Build/CMakeFiles/3.21.0-rc2/CompilerIdC
    export LANG=en_US.US-ASCII
    /Applications/Xcode.app/Contents/Developer/Toolchains/XcodeDefault.xctoolchain/usr/bin/clang -x c -target x86_64-apple-macos10.15 -fmessage-length=0 -fdiagnostics-show-note-include-stack -fmacro-backtrace-limit=0 -Wno-trigraphs -fpascal-strings -Os -Wno-missing-field-initializers -Wno-missing-prototypes -Wno-return-type -Wno-missing-braces -Wparentheses -Wswitch -Wno-unused-function -Wno-unused-label -Wno-unused-parameter -Wno-unused-variable -Wunused-value -Wno-empty-body -Wno-uninitialized -Wno-unknown-pragmas -Wno-shadow -Wno-four-char-constants -Wno-conversion -Wno-constant-conversion -Wno-int-conversion -Wno-bool-conversion -Wno-enum-conversion -Wno-float-conversion -Wno-non-literal-null-conversion -Wno-objc-literal-conversion -Wno-shorten-64-to-32 -Wpointer-sign -Wno-newline-eof -isysroot /Applications/Xcode.app/Contents/Developer/Platforms/MacOSX.platform/Developer/SDKs/MacOSX10.15.sdk -fasm-blocks -fstrict-aliasing -Wdeprecated-declarations -g -fvisibility=hidden -Wno-sign-conversion -Wno-infinite-recursion -Wno-comma -Wno-block-capture-autoreleasing -Wno-strict-prototypes -Wno-semicolon-before-method-body -iquote /Volumes/albert/OpenGL/glfw-3.3.4/Build/CMakeFiles/3.21.0-rc2/CompilerIdC/CompilerIdC.build/Debug/CompilerIdC.build/CompilerIdC-generated-files.hmap -I/Volumes/albert/OpenGL/glfw-3.3.4/Build/CMakeFiles/3.21.0-rc2/CompilerIdC/CompilerIdC.build/Debug/CompilerIdC.build/CompilerIdC-own-target-headers.hmap -I/Volumes/albert/OpenGL/glfw-3.3.4/Build/CMakeFiles/3.21.0-rc2/CompilerIdC/CompilerIdC.build/Debug/CompilerIdC.build/CompilerIdC-all-target-headers.hmap -iquote /Volumes/albert/OpenGL/glfw-3.3.4/Build/CMakeFiles/3.21.0-rc2/CompilerIdC/CompilerIdC.build/Debug/CompilerIdC.build/CompilerIdC-project-headers.hmap -I/Volumes/albert/OpenGL/glfw-3.3.4/Build/CMakeFiles/3.21.0-rc2/CompilerIdC/include -I/Volumes/albert/OpenGL/glfw-3.3.4/Build/CMakeFiles/3.21.0-rc2/CompilerIdC/CompilerIdC.build/Debug/CompilerIdC.build/DerivedSources-normal/x86_64 -I/Volumes/albert/OpenGL/glfw-3.3.4/Build/CMakeFiles/3.21.0-rc2/CompilerIdC/CompilerIdC.build/Debug/CompilerIdC.build/DerivedSources/x86_64 -I/Volumes/albert/OpenGL/glfw-3.3.4/Build/CMakeFiles/3.21.0-rc2/CompilerIdC/CompilerIdC.build/Debug/CompilerIdC.build/DerivedSources -F/Volumes/albert/OpenGL/glfw-3.3.4/Build/CMakeFiles/3.21.0-rc2/CompilerIdC -MMD -MT dependencies -MF /Volumes/albert/OpenGL/glfw-3.3.4/Build/CMakeFiles/3.21.0-rc2/CompilerIdC/CompilerIdC.build/Debug/CompilerIdC.build/Objects-normal/x86_64/CMakeCCompilerId.d --serialize-diagnostics /Volumes/albert/OpenGL/glfw-3.3.4/Build/CMakeFiles/3.21.0-rc2/CompilerIdC/CompilerIdC.build/Debug/CompilerIdC.build/Objects-normal/x86_64/CMakeCCompilerId.dia -c /Volumes/albert/OpenGL/glfw-3.3.4/Build/CMakeFiles/3.21.0-rc2/CompilerIdC/CMakeCCompilerId.c -o /Volumes/albert/OpenGL/glfw-3.3.4/Build/CMakeFiles/3.21.0-rc2/CompilerIdC/CompilerIdC.build/Debug/CompilerIdC.build/Objects-normal/x86_64/CMakeCCompilerId.o

Ld /Volumes/albert/OpenGL/glfw-3.3.4/Build/CMakeFiles/3.21.0-rc2/CompilerIdC/CompilerIdC normal x86_64 (in target 'CompilerIdC' from project 'CompilerIdC')
    cd /Volumes/albert/OpenGL/glfw-3.3.4/Build/CMakeFiles/3.21.0-rc2/CompilerIdC
    /Applications/Xcode.app/Contents/Developer/Toolchains/XcodeDefault.xctoolchain/usr/bin/clang -target x86_64-apple-macos10.15 -isysroot /Applications/Xcode.app/Contents/Developer/Platforms/MacOSX.platform/Developer/SDKs/MacOSX10.15.sdk -L/Volumes/albert/OpenGL/glfw-3.3.4/Build/CMakeFiles/3.21.0-rc2/CompilerIdC -F/Volumes/albert/OpenGL/glfw-3.3.4/Build/CMakeFiles/3.21.0-rc2/CompilerIdC -filelist /Volumes/albert/OpenGL/glfw-3.3.4/Build/CMakeFiles/3.21.0-rc2/CompilerIdC/CompilerIdC.build/Debug/CompilerIdC.build/Objects-normal/x86_64/CompilerIdC.LinkFileList -Xlinker -object_path_lto -Xlinker /Volumes/albert/OpenGL/glfw-3.3.4/Build/CMakeFiles/3.21.0-rc2/CompilerIdC/CompilerIdC.build/Debug/CompilerIdC.build/Objects-normal/x86_64/CompilerIdC_lto.o -Xlinker -dependency_info -Xlinker /Volumes/albert/OpenGL/glfw-3.3.4/Build/CMakeFiles/3.21.0-rc2/CompilerIdC/CompilerIdC.build/Debug/CompilerIdC.build/Objects-normal/x86_64/CompilerIdC_dependency_info.dat -o /Volumes/albert/OpenGL/glfw-3.3.4/Build/CMakeFiles/3.21.0-rc2/CompilerIdC/CompilerIdC

WriteAuxiliaryFile /Volumes/albert/OpenGL/glfw-3.3.4/Build/CMakeFiles/3.21.0-rc2/CompilerIdC/CompilerIdC.build/Debug/CompilerIdC.build/Script-2C8FEB8E15DC1A1A00E56A5D.sh (in target 'CompilerIdC' from project 'CompilerIdC')
    cd /Volumes/albert/OpenGL/glfw-3.3.4/Build/CMakeFiles/3.21.0-rc2/CompilerIdC
    write-file /Volumes/albert/OpenGL/glfw-3.3.4/Build/CMakeFiles/3.21.0-rc2/CompilerIdC/CompilerIdC.build/Debug/CompilerIdC.build/Script-2C8FEB8E15DC1A1A00E56A5D.sh

PhaseScriptExecution Run\ Script /Volumes/albert/OpenGL/glfw-3.3.4/Build/CMakeFiles/3.21.0-rc2/CompilerIdC/CompilerIdC.build/Debug/CompilerIdC.build/Script-2C8FEB8E15DC1A1A00E56A5D.sh (in target 'CompilerIdC' from project 'CompilerIdC')
    cd /Volumes/albert/OpenGL/glfw-3.3.4/Build/CMakeFiles/3.21.0-rc2/CompilerIdC
    /bin/sh -c /Volumes/albert/OpenGL/glfw-3.3.4/Build/CMakeFiles/3.21.0-rc2/CompilerIdC/CompilerIdC.build/Debug/CompilerIdC.build/Script-2C8FEB8E15DC1A1A00E56A5D.sh
GCC_VERSION=com.apple.compilers.llvm.clang.1_0
ARCHS=x86_64

RegisterExecutionPolicyException /Volumes/albert/OpenGL/glfw-3.3.4/Build/CMakeFiles/3.21.0-rc2/CompilerIdC/CompilerIdC (in target 'CompilerIdC' from project 'CompilerIdC')
    cd /Volumes/albert/OpenGL/glfw-3.3.4/Build/CMakeFiles/3.21.0-rc2/CompilerIdC
    builtin-RegisterExecutionPolicyException /Volumes/albert/OpenGL/glfw-3.3.4/Build/CMakeFiles/3.21.0-rc2/CompilerIdC/CompilerIdC
note: Execution policy exception registration failed and was skipped: Error Domain=NSPOSIXErrorDomain Code=1 "Operation not permitted" (in target 'CompilerIdC' from project 'CompilerIdC')

** BUILD SUCCEEDED **



Compilation of the C compiler identification source "CMakeCCompilerId.c" produced "CompilerIdC"

The C compiler identification is AppleClang, found in "/Volumes/albert/OpenGL/glfw-3.3.4/Build/CMakeFiles/3.21.0-rc2/CompilerIdC/CompilerIdC"

Detecting C compiler ABI info compiled with the following output:
Change Dir: /Volumes/albert/OpenGL/glfw-3.3.4/Build/CMakeFiles/CMakeTmp

Run Build Command(s):/usr/bin/xcodebuild -project CMAKE_TRY_COMPILE.xcodeproj build -target cmTC_ff9f0 -configuration Debug -hideShellScriptEnvironment && User defaults from command line:
    HideShellScriptEnvironment = YES

Prepare build
note: Using legacy build system
=== BUILD TARGET cmTC_ff9f0 OF PROJECT CMAKE_TRY_COMPILE WITH CONFIGURATION Debug ===

Check dependencies

Write auxiliary files
/bin/mkdir -p /Volumes/albert/OpenGL/glfw-3.3.4/Build/CMakeFiles/CMakeTmp/CMAKE_TRY_COMPILE.build/Debug/cmTC_ff9f0.build/Objects-normal/x86_64
write-file /Volumes/albert/OpenGL/glfw-3.3.4/Build/CMakeFiles/CMakeTmp/CMAKE_TRY_COMPILE.build/Debug/cmTC_ff9f0.build/Objects-normal/x86_64/cmTC_ff9f0.LinkFileList

CompileC CMAKE_TRY_COMPILE.build/Debug/cmTC_ff9f0.build/Objects-normal/x86_64/CMakeCCompilerABI.o /Applications/CMake.app/Contents/share/cmake-3.21/Modules/CMakeCCompilerABI.c normal x86_64 c com.apple.compilers.llvm.clang.1_0.compiler
    cd /Volumes/albert/OpenGL/glfw-3.3.4/Build/CMakeFiles/CMakeTmp
    /Applications/Xcode.app/Contents/Developer/Toolchains/XcodeDefault.xctoolchain/usr/bin/clang -x c -target x86_64-apple-macos10.15 -fmessage-length=0 -fdiagnostics-show-note-include-stack -fmacro-backtrace-limit=0 -Wno-trigraphs -fpascal-strings -O0 -Wno-missing-field-initializers -Wno-missing-prototypes -Wno-return-type -Wno-missing-braces -Wparentheses -Wswitch -Wno-unused-function -Wno-unused-label -Wno-unused-parameter -Wno-unused-variable -Wunused-value -Wno-empty-body -Wno-uninitialized -Wno-unknown-pragmas -Wno-shadow -Wno-four-char-constants -Wno-conversion -Wno-constant-conversion -Wno-int-conversion -Wno-bool-conversion -Wno-enum-conversion -Wno-float-conversion -Wno-non-literal-null-conversion -Wno-objc-literal-conversion -Wno-shorten-64-to-32 -Wpointer-sign -Wno-newline-eof -DCMAKE_INTDIR=\"Debug\" -isysroot /Applications/Xcode.app/Contents/Developer/Platforms/MacOSX.platform/Developer/SDKs/MacOSX10.15.sdk -fasm-blocks -fstrict-aliasing -Wdeprecated-declarations -g -Wno-sign-conversion -Wno-infinite-recursion -Wno-comma -Wno-block-capture-autoreleasing -Wno-strict-prototypes -Wno-semicolon-before-method-body -I/Volumes/albert/OpenGL/glfw-3.3.4/Build/CMakeFiles/CMakeTmp/Debug/include -I/Volumes/albert/OpenGL/glfw-3.3.4/Build/CMakeFiles/CMakeTmp/CMAKE_TRY_COMPILE.build/Debug/cmTC_ff9f0.build/DerivedSources-normal/x86_64 -I/Volumes/albert/OpenGL/glfw-3.3.4/Build/CMakeFiles/CMakeTmp/CMAKE_TRY_COMPILE.build/Debug/cmTC_ff9f0.build/DerivedSources/x86_64 -I/Volumes/albert/OpenGL/glfw-3.3.4/Build/CMakeFiles/CMakeTmp/CMAKE_TRY_COMPILE.build/Debug/cmTC_ff9f0.build/DerivedSources -F/Volumes/albert/OpenGL/glfw-3.3.4/Build/CMakeFiles/CMakeTmp/Debug -v -Wl,-v -MMD -MT dependencies -MF /Volumes/albert/OpenGL/glfw-3.3.4/Build/CMakeFiles/CMakeTmp/CMAKE_TRY_COMPILE.build/Debug/cmTC_ff9f0.build/Objects-normal/x86_64/CMakeCCompilerABI.d --serialize-diagnostics /Volumes/albert/OpenGL/glfw-3.3.4/Build/CMakeFiles/CMakeTmp/CMAKE_TRY_COMPILE.build/Debug/cmTC_ff9f0.build/Objects-normal/x86_64/CMakeCCompilerABI.dia -c /Applications/CMake.app/Contents/share/cmake-3.21/Modules/CMakeCCompilerABI.c -o /Volumes/albert/OpenGL/glfw-3.3.4/Build/CMakeFiles/CMakeTmp/CMAKE_TRY_COMPILE.build/Debug/cmTC_ff9f0.build/Objects-normal/x86_64/CMakeCCompilerABI.o
Apple clang version 11.0.0 (clang-1100.0.33.17)
Target: x86_64-apple-macos10.15
Thread model: posix
InstalledDir: /Applications/Xcode.app/Contents/Developer/Toolchains/XcodeDefault.xctoolchain/usr/bin
clang: warning: -Wl,-v: 'linker' input unused [-Wunused-command-line-argument]
 "/Applications/Xcode.app/Contents/Developer/Toolchains/XcodeDefault.xctoolchain/usr/bin/clang" -cc1 -triple x86_64-apple-macosx10.15.0 -Wdeprecated-objc-isa-usage -Werror=deprecated-objc-isa-usage -emit-obj -mrelax-all -disable-free -disable-llvm-verifier -discard-value-names -main-file-name CMakeCCompilerABI.c -mrelocation-model pic -pic-level 2 -mthread-model posix -mdisable-fp-elim -fno-strict-return -masm-verbose -munwind-tables -target-sdk-version=10.15 -target-cpu penryn -dwarf-column-info -debug-info-kind=standalone -dwarf-version=4 -debugger-tuning=lldb -ggnu-pubnames -target-linker-version 530 -v -coverage-notes-file /Volumes/albert/OpenGL/glfw-3.3.4/Build/CMakeFiles/CMakeTmp/CMAKE_TRY_COMPILE.build/Debug/cmTC_ff9f0.build/Objects-normal/x86_64/CMakeCCompilerABI.gcno -resource-dir /Applications/Xcode.app/Contents/Developer/Toolchains/XcodeDefault.xctoolchain/usr/lib/clang/11.0.0 -dependency-file /Volumes/albert/OpenGL/glfw-3.3.4/Build/CMakeFiles/CMakeTmp/CMAKE_TRY_COMPILE.build/Debug/cmTC_ff9f0.build/Objects-normal/x86_64/CMakeCCompilerABI.d -skip-unused-modulemap-deps -MT dependencies -isysroot /Applications/Xcode.app/Contents/Developer/Platforms/MacOSX.platform/Developer/SDKs/MacOSX10.15.sdk -D "CMAKE_INTDIR=\"Debug\"" -I /Volumes/albert/OpenGL/glfw-3.3.4/Build/CMakeFiles/CMakeTmp/Debug/include -I /Volumes/albert/OpenGL/glfw-3.3.4/Build/CMakeFiles/CMakeTmp/CMAKE_TRY_COMPILE.build/Debug/cmTC_ff9f0.build/DerivedSources-normal/x86_64 -I /Volumes/albert/OpenGL/glfw-3.3.4/Build/CMakeFiles/CMakeTmp/CMAKE_TRY_COMPILE.build/Debug/cmTC_ff9f0.build/DerivedSources/x86_64 -I /Volumes/albert/OpenGL/glfw-3.3.4/Build/CMakeFiles/CMakeTmp/CMAKE_TRY_COMPILE.build/Debug/cmTC_ff9f0.build/DerivedSources -F/Volumes/albert/OpenGL/glfw-3.3.4/Build/CMakeFiles/CMakeTmp/Debug -O0 -Wno-trigraphs -Wno-missing-field-initializers -Wno-missing-prototypes -Wno-return-type -Wno-missing-braces -Wparentheses -Wswitch -Wno-unused-function -Wno-unused-label -Wno-unused-parameter -Wno-unused-variable -Wunused-value -Wno-empty-body -Wno-uninitialized -Wno-unknown-pragmas -Wno-shadow -Wno-four-char-constants -Wno-conversion -Wno-constant-conversion -Wno-int-conversion -Wno-bool-conversion -Wno-enum-conversion -Wno-float-conversion -Wno-non-literal-null-conversion -Wno-objc-literal-conversion -Wno-shorten-64-to-32 -Wpointer-sign -Wno-newline-eof -Wdeprecated-declarations -Wno-sign-conversion -Wno-infinite-recursion -Wno-comma -Wno-block-capture-autoreleasing -Wno-strict-prototypes -Wno-semicolon-before-method-body -Wno-framework-include-private-from-public -Wno-atimport-in-framework-header -Wno-extra-semi-stmt -Wno-quoted-include-in-framework-header -fdebug-compilation-dir /Volumes/albert/OpenGL/glfw-3.3.4/Build/CMakeFiles/CMakeTmp -ferror-limit 19 -fmacro-backtrace-limit 0 -fmessage-length 0 -stack-protector 1 -fstack-check -mdarwin-stkchk-strong-link -fblocks -fencode-extended-block-signature -fregister-global-dtors-with-atexit -fobjc-runtime=macosx-10.15.0 -fpascal-strings -fmax-type-align=16 -fdiagnostics-show-option -fdiagnostics-show-note-include-stack -fasm-blocks -serialize-diagnostic-file /Volumes/albert/OpenGL/glfw-3.3.4/Build/CMakeFiles/CMakeTmp/CMAKE_TRY_COMPILE.build/Debug/cmTC_ff9f0.build/Objects-normal/x86_64/CMakeCCompilerABI.dia -o /Volumes/albert/OpenGL/glfw-3.3.4/Build/CMakeFiles/CMakeTmp/CMAKE_TRY_COMPILE.build/Debug/cmTC_ff9f0.build/Objects-normal/x86_64/CMakeCCompilerABI.o -x c /Applications/CMake.app/Contents/share/cmake-3.21/Modules/CMakeCCompilerABI.c
clang -cc1 version 11.0.0 (clang-1100.0.33.17) default target x86_64-apple-darwin19.4.0
ignoring nonexistent directory "/Volumes/albert/OpenGL/glfw-3.3.4/Build/CMakeFiles/CMakeTmp/Debug/include"
ignoring nonexistent directory "/Volumes/albert/OpenGL/glfw-3.3.4/Build/CMakeFiles/CMakeTmp/CMAKE_TRY_COMPILE.build/Debug/cmTC_ff9f0.build/DerivedSources-normal/x86_64"
ignoring nonexistent directory "/Volumes/albert/OpenGL/glfw-3.3.4/Build/CMakeFiles/CMakeTmp/CMAKE_TRY_COMPILE.build/Debug/cmTC_ff9f0.build/DerivedSources/x86_64"
ignoring nonexistent directory "/Volumes/albert/OpenGL/glfw-3.3.4/Build/CMakeFiles/CMakeTmp/CMAKE_TRY_COMPILE.build/Debug/cmTC_ff9f0.build/DerivedSources"
ignoring nonexistent directory "/Volumes/albert/OpenGL/glfw-3.3.4/Build/CMakeFiles/CMakeTmp/Debug"
ignoring nonexistent directory "/Applications/Xcode.app/Contents/Developer/Platforms/MacOSX.platform/Developer/SDKs/MacOSX10.15.sdk/usr/local/include"
ignoring nonexistent directory "/Applications/Xcode.app/Contents/Developer/Platforms/MacOSX.platform/Developer/SDKs/MacOSX10.15.sdk/Library/Frameworks"
#include "..." search starts here:
#include <...> search starts here:
 /Applications/Xcode.app/Contents/Developer/Toolchains/XcodeDefault.xctoolchain/usr/lib/clang/11.0.0/include
 /Applications/Xcode.app/Contents/Developer/Toolchains/XcodeDefault.xctoolchain/usr/include
 /Applications/Xcode.app/Contents/Developer/Platforms/MacOSX.platform/Developer/SDKs/MacOSX10.15.sdk/usr/include
 /Applications/Xcode.app/Contents/Developer/Platforms/MacOSX.platform/Developer/SDKs/MacOSX10.15.sdk/System/Library/Frameworks (framework directory)
End of search list.

Ld Debug/cmTC_ff9f0 normal x86_64
    cd /Volumes/albert/OpenGL/glfw-3.3.4/Build/CMakeFiles/CMakeTmp
    /Applications/Xcode.app/Contents/Developer/Toolchains/XcodeDefault.xctoolchain/usr/bin/clang -target x86_64-apple-macos10.15 -isysroot /Applications/Xcode.app/Contents/Developer/Platforms/MacOSX.platform/Developer/SDKs/MacOSX10.15.sdk -L/Volumes/albert/OpenGL/glfw-3.3.4/Build/CMakeFiles/CMakeTmp/Debug -F/Volumes/albert/OpenGL/glfw-3.3.4/Build/CMakeFiles/CMakeTmp/Debug -filelist /Volumes/albert/OpenGL/glfw-3.3.4/Build/CMakeFiles/CMakeTmp/CMAKE_TRY_COMPILE.build/Debug/cmTC_ff9f0.build/Objects-normal/x86_64/cmTC_ff9f0.LinkFileList -Xlinker -object_path_lto -Xlinker /Volumes/albert/OpenGL/glfw-3.3.4/Build/CMakeFiles/CMakeTmp/CMAKE_TRY_COMPILE.build/Debug/cmTC_ff9f0.build/Objects-normal/x86_64/cmTC_ff9f0_lto.o -Xlinker -no_deduplicate -v -Wl,-v -Wl,-search_paths_first -Wl,-headerpad_max_install_names -Xlinker -dependency_info -Xlinker /Volumes/albert/OpenGL/glfw-3.3.4/Build/CMakeFiles/CMakeTmp/CMAKE_TRY_COMPILE.build/Debug/cmTC_ff9f0.build/Objects-normal/x86_64/cmTC_ff9f0_dependency_info.dat -o /Volumes/albert/OpenGL/glfw-3.3.4/Build/CMakeFiles/CMakeTmp/Debug/cmTC_ff9f0
Apple clang version 11.0.0 (clang-1100.0.33.17)
Target: x86_64-apple-macos10.15
Thread model: posix
InstalledDir: /Applications/Xcode.app/Contents/Developer/Toolchains/XcodeDefault.xctoolchain/usr/bin
 "/Applications/Xcode.app/Contents/Developer/Toolchains/XcodeDefault.xctoolchain/usr/bin/ld" -demangle -lto_library /Applications/Xcode.app/Contents/Developer/Toolchains/XcodeDefault.xctoolchain/usr/lib/libLTO.dylib -dynamic -arch x86_64 -macosx_version_min 10.15.0 -syslibroot /Applications/Xcode.app/Contents/Developer/Platforms/MacOSX.platform/Developer/SDKs/MacOSX10.15.sdk -o /Volumes/albert/OpenGL/glfw-3.3.4/Build/CMakeFiles/CMakeTmp/Debug/cmTC_ff9f0 -L/Volumes/albert/OpenGL/glfw-3.3.4/Build/CMakeFiles/CMakeTmp/Debug -filelist /Volumes/albert/OpenGL/glfw-3.3.4/Build/CMakeFiles/CMakeTmp/CMAKE_TRY_COMPILE.build/Debug/cmTC_ff9f0.build/Objects-normal/x86_64/cmTC_ff9f0.LinkFileList -object_path_lto /Volumes/albert/OpenGL/glfw-3.3.4/Build/CMakeFiles/CMakeTmp/CMAKE_TRY_COMPILE.build/Debug/cmTC_ff9f0.build/Objects-normal/x86_64/cmTC_ff9f0_lto.o -no_deduplicate -v -search_paths_first -headerpad_max_install_names -dependency_info /Volumes/albert/OpenGL/glfw-3.3.4/Build/CMakeFiles/CMakeTmp/CMAKE_TRY_COMPILE.build/Debug/cmTC_ff9f0.build/Objects-normal/x86_64/cmTC_ff9f0_dependency_info.dat -lSystem /Applications/Xcode.app/Contents/Developer/Toolchains/XcodeDefault.xctoolchain/usr/lib/clang/11.0.0/lib/darwin/libclang_rt.osx.a -F/Volumes/albert/OpenGL/glfw-3.3.4/Build/CMakeFiles/CMakeTmp/Debug
@(#)PROGRAM:ld  PROJECT:ld64-530
BUILD 18:57:17 Dec 13 2019
configured to support archs: armv6 armv7 armv7s arm64 arm64e arm64_32 i386 x86_64 x86_64h armv6m armv7k armv7m armv7em
Library search paths:
	/Volumes/albert/OpenGL/glfw-3.3.4/Build/CMakeFiles/CMakeTmp/Debug
	/Applications/Xcode.app/Contents/Developer/Platforms/MacOSX.platform/Developer/SDKs/MacOSX10.15.sdk/usr/lib
Framework search paths:
	/Volumes/albert/OpenGL/glfw-3.3.4/Build/CMakeFiles/CMakeTmp/Debug
	/Applications/Xcode.app/Contents/Developer/Platforms/MacOSX.platform/Developer/SDKs/MacOSX10.15.sdk/System/Library/Frameworks/

** BUILD SUCCEEDED **




Parsed C implicit include dir info from above output: rv=done
  found start of include info
  found start of implicit include info
    add: [/Applications/Xcode.app/Contents/Developer/Toolchains/XcodeDefault.xctoolchain/usr/lib/clang/11.0.0/include]
    add: [/Applications/Xcode.app/Contents/Developer/Toolchains/XcodeDefault.xctoolchain/usr/include]
    add: [/Applications/Xcode.app/Contents/Developer/Platforms/MacOSX.platform/Developer/SDKs/MacOSX10.15.sdk/usr/include]
  end of search list found
  collapse include dir [/Applications/Xcode.app/Contents/Developer/Toolchains/XcodeDefault.xctoolchain/usr/lib/clang/11.0.0/include] ==> [/Applications/Xcode.app/Contents/Developer/Toolchains/XcodeDefault.xctoolchain/usr/lib/clang/11.0.0/include]
  collapse include dir [/Applications/Xcode.app/Contents/Developer/Toolchains/XcodeDefault.xctoolchain/usr/include] ==> [/Applications/Xcode.app/Contents/Developer/Toolchains/XcodeDefault.xctoolchain/usr/include]
  collapse include dir [/Applications/Xcode.app/Contents/Developer/Platforms/MacOSX.platform/Developer/SDKs/MacOSX10.15.sdk/usr/include] ==> [/Applications/Xcode.app/Contents/Developer/Platforms/MacOSX.platform/Developer/SDKs/MacOSX10.15.sdk/usr/include]
  implicit include dirs: [/Applications/Xcode.app/Contents/Developer/Toolchains/XcodeDefault.xctoolchain/usr/lib/clang/11.0.0/include;/Applications/Xcode.app/Contents/Developer/Toolchains/XcodeDefault.xctoolchain/usr/include;/Applications/Xcode.app/Contents/Developer/Platforms/MacOSX.platform/Developer/SDKs/MacOSX10.15.sdk/usr/include]


Parsed C implicit link information from above output:
  link line regex: [^( *|.*[/\])(ld|CMAKE_LINK_STARTFILE-NOTFOUND|([^/\]+-)?ld|collect2)[^/\]*( |$)]
  ignore line: [Change Dir: /Volumes/albert/OpenGL/glfw-3.3.4/Build/CMakeFiles/CMakeTmp]
  ignore line: []
  ignore line: [Run Build Command(s):/usr/bin/xcodebuild -project CMAKE_TRY_COMPILE.xcodeproj build -target cmTC_ff9f0 -configuration Debug -hideShellScriptEnvironment && User defaults from command line:]
  ignore line: [    HideShellScriptEnvironment = YES]
  ignore line: []
  ignore line: [Prepare build]
  ignore line: [note: Using legacy build system]
  ignore line: [=== BUILD TARGET cmTC_ff9f0 OF PROJECT CMAKE_TRY_COMPILE WITH CONFIGURATION Debug ===]
  ignore line: []
  ignore line: [Check dependencies]
  ignore line: []
  ignore line: [Write auxiliary files]
  ignore line: [/bin/mkdir -p /Volumes/albert/OpenGL/glfw-3.3.4/Build/CMakeFiles/CMakeTmp/CMAKE_TRY_COMPILE.build/Debug/cmTC_ff9f0.build/Objects-normal/x86_64]
  ignore line: [write-file /Volumes/albert/OpenGL/glfw-3.3.4/Build/CMakeFiles/CMakeTmp/CMAKE_TRY_COMPILE.build/Debug/cmTC_ff9f0.build/Objects-normal/x86_64/cmTC_ff9f0.LinkFileList]
  ignore line: []
  ignore line: [CompileC CMAKE_TRY_COMPILE.build/Debug/cmTC_ff9f0.build/Objects-normal/x86_64/CMakeCCompilerABI.o /Applications/CMake.app/Contents/share/cmake-3.21/Modules/CMakeCCompilerABI.c normal x86_64 c com.apple.compilers.llvm.clang.1_0.compiler]
  ignore line: [    cd /Volumes/albert/OpenGL/glfw-3.3.4/Build/CMakeFiles/CMakeTmp]
  ignore line: [    /Applications/Xcode.app/Contents/Developer/Toolchains/XcodeDefault.xctoolchain/usr/bin/clang -x c -target x86_64-apple-macos10.15 -fmessage-length=0 -fdiagnostics-show-note-include-stack -fmacro-backtrace-limit=0 -Wno-trigraphs -fpascal-strings -O0 -Wno-missing-field-initializers -Wno-missing-prototypes -Wno-return-type -Wno-missing-braces -Wparentheses -Wswitch -Wno-unused-function -Wno-unused-label -Wno-unused-parameter -Wno-unused-variable -Wunused-value -Wno-empty-body -Wno-uninitialized -Wno-unknown-pragmas -Wno-shadow -Wno-four-char-constants -Wno-conversion -Wno-constant-conversion -Wno-int-conversion -Wno-bool-conversion -Wno-enum-conversion -Wno-float-conversion -Wno-non-literal-null-conversion -Wno-objc-literal-conversion -Wno-shorten-64-to-32 -Wpointer-sign -Wno-newline-eof -DCMAKE_INTDIR=\"Debug\" -isysroot /Applications/Xcode.app/Contents/Developer/Platforms/MacOSX.platform/Developer/SDKs/MacOSX10.15.sdk -fasm-blocks -fstrict-aliasing -Wdeprecated-declarations -g -Wno-sign-conversion -Wno-infinite-recursion -Wno-comma -Wno-block-capture-autoreleasing -Wno-strict-prototypes -Wno-semicolon-before-method-body -I/Volumes/albert/OpenGL/glfw-3.3.4/Build/CMakeFiles/CMakeTmp/Debug/include -I/Volumes/albert/OpenGL/glfw-3.3.4/Build/CMakeFiles/CMakeTmp/CMAKE_TRY_COMPILE.build/Debug/cmTC_ff9f0.build/DerivedSources-normal/x86_64 -I/Volumes/albert/OpenGL/glfw-3.3.4/Build/CMakeFiles/CMakeTmp/CMAKE_TRY_COMPILE.build/Debug/cmTC_ff9f0.build/DerivedSources/x86_64 -I/Volumes/albert/OpenGL/glfw-3.3.4/Build/CMakeFiles/CMakeTmp/CMAKE_TRY_COMPILE.build/Debug/cmTC_ff9f0.build/DerivedSources -F/Volumes/albert/OpenGL/glfw-3.3.4/Build/CMakeFiles/CMakeTmp/Debug -v -Wl -v -MMD -MT dependencies -MF /Volumes/albert/OpenGL/glfw-3.3.4/Build/CMakeFiles/CMakeTmp/CMAKE_TRY_COMPILE.build/Debug/cmTC_ff9f0.build/Objects-normal/x86_64/CMakeCCompilerABI.d --serialize-diagnostics /Volumes/albert/OpenGL/glfw-3.3.4/Build/CMakeFiles/CMakeTmp/CMAKE_TRY_COMPILE.build/Debug/cmTC_ff9f0.build/Objects-normal/x86_64/CMakeCCompilerABI.dia -c /Applications/CMake.app/Contents/share/cmake-3.21/Modules/CMakeCCompilerABI.c -o /Volumes/albert/OpenGL/glfw-3.3.4/Build/CMakeFiles/CMakeTmp/CMAKE_TRY_COMPILE.build/Debug/cmTC_ff9f0.build/Objects-normal/x86_64/CMakeCCompilerABI.o]
  ignore line: [Apple clang version 11.0.0 (clang-1100.0.33.17)]
  ignore line: [Target: x86_64-apple-macos10.15]
  ignore line: [Thread model: posix]
  ignore line: [InstalledDir: /Applications/Xcode.app/Contents/Developer/Toolchains/XcodeDefault.xctoolchain/usr/bin]
  ignore line: [clang: warning: -Wl -v: 'linker' input unused [-Wunused-command-line-argument]]
  ignore line: [ "/Applications/Xcode.app/Contents/Developer/Toolchains/XcodeDefault.xctoolchain/usr/bin/clang" -cc1 -triple x86_64-apple-macosx10.15.0 -Wdeprecated-objc-isa-usage -Werror=deprecated-objc-isa-usage -emit-obj -mrelax-all -disable-free -disable-llvm-verifier -discard-value-names -main-file-name CMakeCCompilerABI.c -mrelocation-model pic -pic-level 2 -mthread-model posix -mdisable-fp-elim -fno-strict-return -masm-verbose -munwind-tables -target-sdk-version=10.15 -target-cpu penryn -dwarf-column-info -debug-info-kind=standalone -dwarf-version=4 -debugger-tuning=lldb -ggnu-pubnames -target-linker-version 530 -v -coverage-notes-file /Volumes/albert/OpenGL/glfw-3.3.4/Build/CMakeFiles/CMakeTmp/CMAKE_TRY_COMPILE.build/Debug/cmTC_ff9f0.build/Objects-normal/x86_64/CMakeCCompilerABI.gcno -resource-dir /Applications/Xcode.app/Contents/Developer/Toolchains/XcodeDefault.xctoolchain/usr/lib/clang/11.0.0 -dependency-file /Volumes/albert/OpenGL/glfw-3.3.4/Build/CMakeFiles/CMakeTmp/CMAKE_TRY_COMPILE.build/Debug/cmTC_ff9f0.build/Objects-normal/x86_64/CMakeCCompilerABI.d -skip-unused-modulemap-deps -MT dependencies -isysroot /Applications/Xcode.app/Contents/Developer/Platforms/MacOSX.platform/Developer/SDKs/MacOSX10.15.sdk -D "CMAKE_INTDIR=\"Debug\"" -I /Volumes/albert/OpenGL/glfw-3.3.4/Build/CMakeFiles/CMakeTmp/Debug/include -I /Volumes/albert/OpenGL/glfw-3.3.4/Build/CMakeFiles/CMakeTmp/CMAKE_TRY_COMPILE.build/Debug/cmTC_ff9f0.build/DerivedSources-normal/x86_64 -I /Volumes/albert/OpenGL/glfw-3.3.4/Build/CMakeFiles/CMakeTmp/CMAKE_TRY_COMPILE.build/Debug/cmTC_ff9f0.build/DerivedSources/x86_64 -I /Volumes/albert/OpenGL/glfw-3.3.4/Build/CMakeFiles/CMakeTmp/CMAKE_TRY_COMPILE.build/Debug/cmTC_ff9f0.build/DerivedSources -F/Volumes/albert/OpenGL/glfw-3.3.4/Build/CMakeFiles/CMakeTmp/Debug -O0 -Wno-trigraphs -Wno-missing-field-initializers -Wno-missing-prototypes -Wno-return-type -Wno-missing-braces -Wparentheses -Wswitch -Wno-unused-function -Wno-unused-label -Wno-unused-parameter -Wno-unused-variable -Wunused-value -Wno-empty-body -Wno-uninitialized -Wno-unknown-pragmas -Wno-shadow -Wno-four-char-constants -Wno-conversion -Wno-constant-conversion -Wno-int-conversion -Wno-bool-conversion -Wno-enum-conversion -Wno-float-conversion -Wno-non-literal-null-conversion -Wno-objc-literal-conversion -Wno-shorten-64-to-32 -Wpointer-sign -Wno-newline-eof -Wdeprecated-declarations -Wno-sign-conversion -Wno-infinite-recursion -Wno-comma -Wno-block-capture-autoreleasing -Wno-strict-prototypes -Wno-semicolon-before-method-body -Wno-framework-include-private-from-public -Wno-atimport-in-framework-header -Wno-extra-semi-stmt -Wno-quoted-include-in-framework-header -fdebug-compilation-dir /Volumes/albert/OpenGL/glfw-3.3.4/Build/CMakeFiles/CMakeTmp -ferror-limit 19 -fmacro-backtrace-limit 0 -fmessage-length 0 -stack-protector 1 -fstack-check -mdarwin-stkchk-strong-link -fblocks -fencode-extended-block-signature -fregister-global-dtors-with-atexit -fobjc-runtime=macosx-10.15.0 -fpascal-strings -fmax-type-align=16 -fdiagnostics-show-option -fdiagnostics-show-note-include-stack -fasm-blocks -serialize-diagnostic-file /Volumes/albert/OpenGL/glfw-3.3.4/Build/CMakeFiles/CMakeTmp/CMAKE_TRY_COMPILE.build/Debug/cmTC_ff9f0.build/Objects-normal/x86_64/CMakeCCompilerABI.dia -o /Volumes/albert/OpenGL/glfw-3.3.4/Build/CMakeFiles/CMakeTmp/CMAKE_TRY_COMPILE.build/Debug/cmTC_ff9f0.build/Objects-normal/x86_64/CMakeCCompilerABI.o -x c /Applications/CMake.app/Contents/share/cmake-3.21/Modules/CMakeCCompilerABI.c]
  ignore line: [clang -cc1 version 11.0.0 (clang-1100.0.33.17) default target x86_64-apple-darwin19.4.0]
  ignore line: [ignoring nonexistent directory "/Volumes/albert/OpenGL/glfw-3.3.4/Build/CMakeFiles/CMakeTmp/Debug/include"]
  ignore line: [ignoring nonexistent directory "/Volumes/albert/OpenGL/glfw-3.3.4/Build/CMakeFiles/CMakeTmp/CMAKE_TRY_COMPILE.build/Debug/cmTC_ff9f0.build/DerivedSources-normal/x86_64"]
  ignore line: [ignoring nonexistent directory "/Volumes/albert/OpenGL/glfw-3.3.4/Build/CMakeFiles/CMakeTmp/CMAKE_TRY_COMPILE.build/Debug/cmTC_ff9f0.build/DerivedSources/x86_64"]
  ignore line: [ignoring nonexistent directory "/Volumes/albert/OpenGL/glfw-3.3.4/Build/CMakeFiles/CMakeTmp/CMAKE_TRY_COMPILE.build/Debug/cmTC_ff9f0.build/DerivedSources"]
  ignore line: [ignoring nonexistent directory "/Volumes/albert/OpenGL/glfw-3.3.4/Build/CMakeFiles/CMakeTmp/Debug"]
  ignore line: [ignoring nonexistent directory "/Applications/Xcode.app/Contents/Developer/Platforms/MacOSX.platform/Developer/SDKs/MacOSX10.15.sdk/usr/local/include"]
  ignore line: [ignoring nonexistent directory "/Applications/Xcode.app/Contents/Developer/Platforms/MacOSX.platform/Developer/SDKs/MacOSX10.15.sdk/Library/Frameworks"]
  ignore line: [#include "..." search starts here:]
  ignore line: [#include <...> search starts here:]
  ignore line: [ /Applications/Xcode.app/Contents/Developer/Toolchains/XcodeDefault.xctoolchain/usr/lib/clang/11.0.0/include]
  ignore line: [ /Applications/Xcode.app/Contents/Developer/Toolchains/XcodeDefault.xctoolchain/usr/include]
  ignore line: [ /Applications/Xcode.app/Contents/Developer/Platforms/MacOSX.platform/Developer/SDKs/MacOSX10.15.sdk/usr/include]
  ignore line: [ /Applications/Xcode.app/Contents/Developer/Platforms/MacOSX.platform/Developer/SDKs/MacOSX10.15.sdk/System/Library/Frameworks (framework directory)]
  ignore line: [End of search list.]
  ignore line: []
  ignore line: [Ld Debug/cmTC_ff9f0 normal x86_64]
  ignore line: [    cd /Volumes/albert/OpenGL/glfw-3.3.4/Build/CMakeFiles/CMakeTmp]
  ignore line: [    /Applications/Xcode.app/Contents/Developer/Toolchains/XcodeDefault.xctoolchain/usr/bin/clang -target x86_64-apple-macos10.15 -isysroot /Applications/Xcode.app/Contents/Developer/Platforms/MacOSX.platform/Developer/SDKs/MacOSX10.15.sdk -L/Volumes/albert/OpenGL/glfw-3.3.4/Build/CMakeFiles/CMakeTmp/Debug -F/Volumes/albert/OpenGL/glfw-3.3.4/Build/CMakeFiles/CMakeTmp/Debug -filelist /Volumes/albert/OpenGL/glfw-3.3.4/Build/CMakeFiles/CMakeTmp/CMAKE_TRY_COMPILE.build/Debug/cmTC_ff9f0.build/Objects-normal/x86_64/cmTC_ff9f0.LinkFileList -Xlinker -object_path_lto -Xlinker /Volumes/albert/OpenGL/glfw-3.3.4/Build/CMakeFiles/CMakeTmp/CMAKE_TRY_COMPILE.build/Debug/cmTC_ff9f0.build/Objects-normal/x86_64/cmTC_ff9f0_lto.o -Xlinker -no_deduplicate -v -Wl -v -Wl -search_paths_first -Wl -headerpad_max_install_names -Xlinker -dependency_info -Xlinker /Volumes/albert/OpenGL/glfw-3.3.4/Build/CMakeFiles/CMakeTmp/CMAKE_TRY_COMPILE.build/Debug/cmTC_ff9f0.build/Objects-normal/x86_64/cmTC_ff9f0_dependency_info.dat -o /Volumes/albert/OpenGL/glfw-3.3.4/Build/CMakeFiles/CMakeTmp/Debug/cmTC_ff9f0]
  ignore line: [Apple clang version 11.0.0 (clang-1100.0.33.17)]
  ignore line: [Target: x86_64-apple-macos10.15]
  ignore line: [Thread model: posix]
  ignore line: [InstalledDir: /Applications/Xcode.app/Contents/Developer/Toolchains/XcodeDefault.xctoolchain/usr/bin]
  reduced line: [ "/Applications/Xcode.app/Contents/Developer/Toolchains/XcodeDefault.xctoolchain/usr/bin/ld" -demangle -lto_library /Applications/Xcode.app/Contents/Developer/Toolchains/XcodeDefault.xctoolchain/usr/lib/libLTO.dylib -dynamic -arch x86_64 -macosx_version_min 10.15.0 -syslibroot /Applications/Xcode.app/Contents/Developer/Platforms/MacOSX.platform/Developer/SDKs/MacOSX10.15.sdk -o /Volumes/albert/OpenGL/glfw-3.3.4/Build/CMakeFiles/CMakeTmp/Debug/cmTC_ff9f0 -L/Volumes/albert/OpenGL/glfw-3.3.4/Build/CMakeFiles/CMakeTmp/Debug -filelist /Volumes/albert/OpenGL/glfw-3.3.4/Build/CMakeFiles/CMakeTmp/CMAKE_TRY_COMPILE.build/Debug/cmTC_ff9f0.build/Objects-normal/x86_64/cmTC_ff9f0.LinkFileList -object_path_lto /Volumes/albert/OpenGL/glfw-3.3.4/Build/CMakeFiles/CMakeTmp/CMAKE_TRY_COMPILE.build/Debug/cmTC_ff9f0.build/Objects-normal/x86_64/cmTC_ff9f0_lto.o -no_deduplicate -v -search_paths_first -headerpad_max_install_names -dependency_info /Volumes/albert/OpenGL/glfw-3.3.4/Build/CMakeFiles/CMakeTmp/CMAKE_TRY_COMPILE.build/Debug/cmTC_ff9f0.build/Objects-normal/x86_64/cmTC_ff9f0_dependency_info.dat -lSystem /Applications/Xcode.app/Contents/Developer/Toolchains/XcodeDefault.xctoolchain/usr/lib/clang/11.0.0/lib/darwin/libclang_rt.osx.a -F/Volumes/albert/OpenGL/glfw-3.3.4/Build/CMakeFiles/CMakeTmp/Debug]
            to: [ "/Applications/Xcode.app/Contents/Developer/Toolchains/XcodeDefault.xctoolchain/usr/bin/ld" -demangle -lto_library /Applications/Xcode.app/Contents/Developer/Toolchains/XcodeDefault.xctoolchain/usr/lib/libLTO.dylib -dynamic -arch x86_64 -macosx_version_min 10.15.0 -syslibroot /Applications/Xcode.app/Contents/Developer/Platforms/MacOSX.platform/Developer/SDKs/MacOSX10.15.sdk -o /Volumes/albert/OpenGL/glfw-3.3.4/Build/CMakeFiles/CMakeTmp/Debug/cmTC_ff9f0 -filelist /Volumes/albert/OpenGL/glfw-3.3.4/Build/CMakeFiles/CMakeTmp/CMAKE_TRY_COMPILE.build/Debug/cmTC_ff9f0.build/Objects-normal/x86_64/cmTC_ff9f0.LinkFileList -object_path_lto /Volumes/albert/OpenGL/glfw-3.3.4/Build/CMakeFiles/CMakeTmp/CMAKE_TRY_COMPILE.build/Debug/cmTC_ff9f0.build/Objects-normal/x86_64/cmTC_ff9f0_lto.o -no_deduplicate -v -search_paths_first -headerpad_max_install_names -dependency_info /Volumes/albert/OpenGL/glfw-3.3.4/Build/CMakeFiles/CMakeTmp/CMAKE_TRY_COMPILE.build/Debug/cmTC_ff9f0.build/Objects-normal/x86_64/cmTC_ff9f0_dependency_info.dat -lSystem /Applications/Xcode.app/Contents/Developer/Toolchains/XcodeDefault.xctoolchain/usr/lib/clang/11.0.0/lib/darwin/libclang_rt.osx.a ]
  link line: [ "/Applications/Xcode.app/Contents/Developer/Toolchains/XcodeDefault.xctoolchain/usr/bin/ld" -demangle -lto_library /Applications/Xcode.app/Contents/Developer/Toolchains/XcodeDefault.xctoolchain/usr/lib/libLTO.dylib -dynamic -arch x86_64 -macosx_version_min 10.15.0 -syslibroot /Applications/Xcode.app/Contents/Developer/Platforms/MacOSX.platform/Developer/SDKs/MacOSX10.15.sdk -o /Volumes/albert/OpenGL/glfw-3.3.4/Build/CMakeFiles/CMakeTmp/Debug/cmTC_ff9f0 -filelist /Volumes/albert/OpenGL/glfw-3.3.4/Build/CMakeFiles/CMakeTmp/CMAKE_TRY_COMPILE.build/Debug/cmTC_ff9f0.build/Objects-normal/x86_64/cmTC_ff9f0.LinkFileList -object_path_lto /Volumes/albert/OpenGL/glfw-3.3.4/Build/CMakeFiles/CMakeTmp/CMAKE_TRY_COMPILE.build/Debug/cmTC_ff9f0.build/Objects-normal/x86_64/cmTC_ff9f0_lto.o -no_deduplicate -v -search_paths_first -headerpad_max_install_names -dependency_info /Volumes/albert/OpenGL/glfw-3.3.4/Build/CMakeFiles/CMakeTmp/CMAKE_TRY_COMPILE.build/Debug/cmTC_ff9f0.build/Objects-normal/x86_64/cmTC_ff9f0_dependency_info.dat -lSystem /Applications/Xcode.app/Contents/Developer/Toolchains/XcodeDefault.xctoolchain/usr/lib/clang/11.0.0/lib/darwin/libclang_rt.osx.a ]
    arg [/Applications/Xcode.app/Contents/Developer/Toolchains/XcodeDefault.xctoolchain/usr/bin/ld] ==> ignore
    arg [-demangle] ==> ignore
    arg [-lto_library] ==> ignore, skip following value
    arg [/Applications/Xcode.app/Contents/Developer/Toolchains/XcodeDefault.xctoolchain/usr/lib/libLTO.dylib] ==> skip value of -lto_library
    arg [-dynamic] ==> ignore
    arg [-arch] ==> ignore
    arg [x86_64] ==> ignore
    arg [-macosx_version_min] ==> ignore
    arg [10.15.0] ==> ignore
    arg [-syslibroot] ==> ignore
    arg [/Applications/Xcode.app/Contents/Developer/Platforms/MacOSX.platform/Developer/SDKs/MacOSX10.15.sdk] ==> ignore
    arg [-o] ==> ignore
    arg [/Volumes/albert/OpenGL/glfw-3.3.4/Build/CMakeFiles/CMakeTmp/Debug/cmTC_ff9f0] ==> ignore
    arg [-filelist] ==> ignore
    arg [/Volumes/albert/OpenGL/glfw-3.3.4/Build/CMakeFiles/CMakeTmp/CMAKE_TRY_COMPILE.build/Debug/cmTC_ff9f0.build/Objects-normal/x86_64/cmTC_ff9f0.LinkFileList] ==> ignore
    arg [-object_path_lto] ==> ignore
    arg [/Volumes/albert/OpenGL/glfw-3.3.4/Build/CMakeFiles/CMakeTmp/CMAKE_TRY_COMPILE.build/Debug/cmTC_ff9f0.build/Objects-normal/x86_64/cmTC_ff9f0_lto.o] ==> obj [/Volumes/albert/OpenGL/glfw-3.3.4/Build/CMakeFiles/CMakeTmp/CMAKE_TRY_COMPILE.build/Debug/cmTC_ff9f0.build/Objects-normal/x86_64/cmTC_ff9f0_lto.o]
    arg [-no_deduplicate] ==> ignore
    arg [-v] ==> ignore
    arg [-search_paths_first] ==> ignore
    arg [-headerpad_max_install_names] ==> ignore
    arg [-dependency_info] ==> ignore
    arg [/Volumes/albert/OpenGL/glfw-3.3.4/Build/CMakeFiles/CMakeTmp/CMAKE_TRY_COMPILE.build/Debug/cmTC_ff9f0.build/Objects-normal/x86_64/cmTC_ff9f0_dependency_info.dat] ==> ignore
    arg [-lSystem] ==> lib [System]
    arg [/Applications/Xcode.app/Contents/Developer/Toolchains/XcodeDefault.xctoolchain/usr/lib/clang/11.0.0/lib/darwin/libclang_rt.osx.a] ==> lib [/Applications/Xcode.app/Contents/Developer/Toolchains/XcodeDefault.xctoolchain/usr/lib/clang/11.0.0/lib/darwin/libclang_rt.osx.a]
  Library search paths: [;/Volumes/albert/OpenGL/glfw-3.3.4/Build/CMakeFiles/CMakeTmp/Debug;/Applications/Xcode.app/Contents/Developer/Platforms/MacOSX.platform/Developer/SDKs/MacOSX10.15.sdk/usr/lib]
  Framework search paths: [;/Volumes/albert/OpenGL/glfw-3.3.4/Build/CMakeFiles/CMakeTmp/Debug;/Applications/Xcode.app/Contents/Developer/Platforms/MacOSX.platform/Developer/SDKs/MacOSX10.15.sdk/System/Library/Frameworks/]
  remove lib [System]
  remove lib [/Applications/Xcode.app/Contents/Developer/Toolchains/XcodeDefault.xctoolchain/usr/lib/clang/11.0.0/lib/darwin/libclang_rt.osx.a]
  collapse library dir [/Volumes/albert/OpenGL/glfw-3.3.4/Build/CMakeFiles/CMakeTmp/Debug] ==> [/Volumes/albert/OpenGL/glfw-3.3.4/Build/CMakeFiles/CMakeTmp/Debug], skipping non-system directory
  collapse library dir [/Applications/Xcode.app/Contents/Developer/Platforms/MacOSX.platform/Developer/SDKs/MacOSX10.15.sdk/usr/lib] ==> [/Applications/Xcode.app/Contents/Developer/Platforms/MacOSX.platform/Developer/SDKs/MacOSX10.15.sdk/usr/lib]
  collapse framework dir [/Volumes/albert/OpenGL/glfw-3.3.4/Build/CMakeFiles/CMakeTmp/Debug] ==> [/Volumes/albert/OpenGL/glfw-3.3.4/Build/CMakeFiles/CMakeTmp/Debug], skipping non-system directory
  collapse framework dir [/Applications/Xcode.app/Contents/Developer/Platforms/MacOSX.platform/Developer/SDKs/MacOSX10.15.sdk/System/Library/Frameworks/] ==> [/Applications/Xcode.app/Contents/Developer/Platforms/MacOSX.platform/Developer/SDKs/MacOSX10.15.sdk/System/Library/Frameworks]
  implicit libs: []
  implicit objs: [/Volumes/albert/OpenGL/glfw-3.3.4/Build/CMakeFiles/CMakeTmp/CMAKE_TRY_COMPILE.build/Debug/cmTC_ff9f0.build/Objects-normal/x86_64/cmTC_ff9f0_lto.o]
  implicit dirs: [/Applications/Xcode.app/Contents/Developer/Platforms/MacOSX.platform/Developer/SDKs/MacOSX10.15.sdk/usr/lib]
  implicit fwks: [/Applications/Xcode.app/Contents/Developer/Platforms/MacOSX.platform/Developer/SDKs/MacOSX10.15.sdk/System/Library/Frameworks]


Determining if the include file pthread.h exists passed with the following output:
Change Dir: /Volumes/albert/OpenGL/glfw-3.3.4/Build/CMakeFiles/CMakeTmp

Run Build Command(s):/usr/bin/xcodebuild -project CMAKE_TRY_COMPILE.xcodeproj build -target cmTC_edc3b -configuration Debug -hideShellScriptEnvironment && User defaults from command line:
    HideShellScriptEnvironment = YES

Prepare build
note: Using legacy build system
=== BUILD TARGET cmTC_edc3b OF PROJECT CMAKE_TRY_COMPILE WITH CONFIGURATION Debug ===

Check dependencies

Write auxiliary files
/bin/mkdir -p /Volumes/albert/OpenGL/glfw-3.3.4/Build/CMakeFiles/CMakeTmp/CMAKE_TRY_COMPILE.build/Debug/cmTC_edc3b.build/Objects-normal/x86_64
write-file /Volumes/albert/OpenGL/glfw-3.3.4/Build/CMakeFiles/CMakeTmp/CMAKE_TRY_COMPILE.build/Debug/cmTC_edc3b.build/Objects-normal/x86_64/cmTC_edc3b.LinkFileList

CompileC CMAKE_TRY_COMPILE.build/Debug/cmTC_edc3b.build/Objects-normal/x86_64/CheckIncludeFile.o CheckIncludeFile.c normal x86_64 c com.apple.compilers.llvm.clang.1_0.compiler
    cd /Volumes/albert/OpenGL/glfw-3.3.4/Build/CMakeFiles/CMakeTmp
    /Applications/Xcode.app/Contents/Developer/Toolchains/XcodeDefault.xctoolchain/usr/bin/clang -x c -target x86_64-apple-macos10.15 -fmessage-length=0 -fdiagnostics-show-note-include-stack -fmacro-backtrace-limit=0 -Wno-trigraphs -fpascal-strings -O0 -Wno-missing-field-initializers -Wno-missing-prototypes -Wno-return-type -Wno-missing-braces -Wparentheses -Wswitch -Wno-unused-function -Wno-unused-label -Wno-unused-parameter -Wno-unused-variable -Wunused-value -Wno-empty-body -Wno-uninitialized -Wno-unknown-pragmas -Wno-shadow -Wno-four-char-constants -Wno-conversion -Wno-constant-conversion -Wno-int-conversion -Wno-bool-conversion -Wno-enum-conversion -Wno-float-conversion -Wno-non-literal-null-conversion -Wno-objc-literal-conversion -Wno-shorten-64-to-32 -Wpointer-sign -Wno-newline-eof -DCMAKE_INTDIR=\"Debug\" -isysroot /Applications/Xcode.app/Contents/Developer/Platforms/MacOSX.platform/Developer/SDKs/MacOSX10.15.sdk -fasm-blocks -fstrict-aliasing -Wdeprecated-declarations -g -Wno-sign-conversion -Wno-infinite-recursion -Wno-comma -Wno-block-capture-autoreleasing -Wno-strict-prototypes -Wno-semicolon-before-method-body -I/Volumes/albert/OpenGL/glfw-3.3.4/Build/CMakeFiles/CMakeTmp/Debug/include -I/Volumes/albert/OpenGL/glfw-3.3.4/Build/CMakeFiles/CMakeTmp/CMAKE_TRY_COMPILE.build/Debug/cmTC_edc3b.build/DerivedSources-normal/x86_64 -I/Volumes/albert/OpenGL/glfw-3.3.4/Build/CMakeFiles/CMakeTmp/CMAKE_TRY_COMPILE.build/Debug/cmTC_edc3b.build/DerivedSources/x86_64 -I/Volumes/albert/OpenGL/glfw-3.3.4/Build/CMakeFiles/CMakeTmp/CMAKE_TRY_COMPILE.build/Debug/cmTC_edc3b.build/DerivedSources -F/Volumes/albert/OpenGL/glfw-3.3.4/Build/CMakeFiles/CMakeTmp/Debug -MMD -MT dependencies -MF /Volumes/albert/OpenGL/glfw-3.3.4/Build/CMakeFiles/CMakeTmp/CMAKE_TRY_COMPILE.build/Debug/cmTC_edc3b.build/Objects-normal/x86_64/CheckIncludeFile.d --serialize-diagnostics /Volumes/albert/OpenGL/glfw-3.3.4/Build/CMakeFiles/CMakeTmp/CMAKE_TRY_COMPILE.build/Debug/cmTC_edc3b.build/Objects-normal/x86_64/CheckIncludeFile.dia -c /Volumes/albert/OpenGL/glfw-3.3.4/Build/CMakeFiles/CMakeTmp/CheckIncludeFile.c -o /Volumes/albert/OpenGL/glfw-3.3.4/Build/CMakeFiles/CMakeTmp/CMAKE_TRY_COMPILE.build/Debug/cmTC_edc3b.build/Objects-normal/x86_64/CheckIncludeFile.o

Ld Debug/cmTC_edc3b normal x86_64
    cd /Volumes/albert/OpenGL/glfw-3.3.4/Build/CMakeFiles/CMakeTmp
    /Applications/Xcode.app/Contents/Developer/Toolchains/XcodeDefault.xctoolchain/usr/bin/clang -target x86_64-apple-macos10.15 -isysroot /Applications/Xcode.app/Contents/Developer/Platforms/MacOSX.platform/Developer/SDKs/MacOSX10.15.sdk -L/Volumes/albert/OpenGL/glfw-3.3.4/Build/CMakeFiles/CMakeTmp/Debug -F/Volumes/albert/OpenGL/glfw-3.3.4/Build/CMakeFiles/CMakeTmp/Debug -filelist /Volumes/albert/OpenGL/glfw-3.3.4/Build/CMakeFiles/CMakeTmp/CMAKE_TRY_COMPILE.build/Debug/cmTC_edc3b.build/Objects-normal/x86_64/cmTC_edc3b.LinkFileList -Xlinker -object_path_lto -Xlinker /Volumes/albert/OpenGL/glfw-3.3.4/Build/CMakeFiles/CMakeTmp/CMAKE_TRY_COMPILE.build/Debug/cmTC_edc3b.build/Objects-normal/x86_64/cmTC_edc3b_lto.o -Xlinker -no_deduplicate -Wl,-search_paths_first -Wl,-headerpad_max_install_names -Xlinker -dependency_info -Xlinker /Volumes/albert/OpenGL/glfw-3.3.4/Build/CMakeFiles/CMakeTmp/CMAKE_TRY_COMPILE.build/Debug/cmTC_edc3b.build/Objects-normal/x86_64/cmTC_edc3b_dependency_info.dat -o /Volumes/albert/OpenGL/glfw-3.3.4/Build/CMakeFiles/CMakeTmp/Debug/cmTC_edc3b

** BUILD SUCCEEDED **




Performing C SOURCE FILE Test CMAKE_HAVE_LIBC_PTHREAD succeeded with the following output:
Change Dir: /Volumes/albert/OpenGL/glfw-3.3.4/Build/CMakeFiles/CMakeTmp

Run Build Command(s):/usr/bin/xcodebuild -project CMAKE_TRY_COMPILE.xcodeproj build -target cmTC_43096 -configuration Debug -hideShellScriptEnvironment && User defaults from command line:
    HideShellScriptEnvironment = YES

Prepare build
note: Using legacy build system
=== BUILD TARGET cmTC_43096 OF PROJECT CMAKE_TRY_COMPILE WITH CONFIGURATION Debug ===

Check dependencies

Write auxiliary files
/bin/mkdir -p /Volumes/albert/OpenGL/glfw-3.3.4/Build/CMakeFiles/CMakeTmp/CMAKE_TRY_COMPILE.build/Debug/cmTC_43096.build/Objects-normal/x86_64
write-file /Volumes/albert/OpenGL/glfw-3.3.4/Build/CMakeFiles/CMakeTmp/CMAKE_TRY_COMPILE.build/Debug/cmTC_43096.build/Objects-normal/x86_64/cmTC_43096.LinkFileList

CompileC CMAKE_TRY_COMPILE.build/Debug/cmTC_43096.build/Objects-normal/x86_64/src.o src.c normal x86_64 c com.apple.compilers.llvm.clang.1_0.compiler
    cd /Volumes/albert/OpenGL/glfw-3.3.4/Build/CMakeFiles/CMakeTmp
    /Applications/Xcode.app/Contents/Developer/Toolchains/XcodeDefault.xctoolchain/usr/bin/clang -x c -target x86_64-apple-macos10.15 -fmessage-length=0 -fdiagnostics-show-note-include-stack -fmacro-backtrace-limit=0 -Wno-trigraphs -fpascal-strings -O0 -Wno-missing-field-initializers -Wno-missing-prototypes -Wno-return-type -Wno-missing-braces -Wparentheses -Wswitch -Wno-unused-function -Wno-unused-label -Wno-unused-parameter -Wno-unused-variable -Wunused-value -Wno-empty-body -Wno-uninitialized -Wno-unknown-pragmas -Wno-shadow -Wno-four-char-constants -Wno-conversion -Wno-constant-conversion -Wno-int-conversion -Wno-bool-conversion -Wno-enum-conversion -Wno-float-conversion -Wno-non-literal-null-conversion -Wno-objc-literal-conversion -Wno-shorten-64-to-32 -Wpointer-sign -Wno-newline-eof -DCMAKE_INTDIR=\"Debug\" -DCMAKE_HAVE_LIBC_PTHREAD -isysroot /Applications/Xcode.app/Contents/Developer/Platforms/MacOSX.platform/Developer/SDKs/MacOSX10.15.sdk -fasm-blocks -fstrict-aliasing -Wdeprecated-declarations -g -Wno-sign-conversion -Wno-infinite-recursion -Wno-comma -Wno-block-capture-autoreleasing -Wno-strict-prototypes -Wno-semicolon-before-method-body -I/Volumes/albert/OpenGL/glfw-3.3.4/Build/CMakeFiles/CMakeTmp/Debug/include -I/Volumes/albert/OpenGL/glfw-3.3.4/Build/CMakeFiles/CMakeTmp/CMAKE_TRY_COMPILE.build/Debug/cmTC_43096.build/DerivedSources-normal/x86_64 -I/Volumes/albert/OpenGL/glfw-3.3.4/Build/CMakeFiles/CMakeTmp/CMAKE_TRY_COMPILE.build/Debug/cmTC_43096.build/DerivedSources/x86_64 -I/Volumes/albert/OpenGL/glfw-3.3.4/Build/CMakeFiles/CMakeTmp/CMAKE_TRY_COMPILE.build/Debug/cmTC_43096.build/DerivedSources -F/Volumes/albert/OpenGL/glfw-3.3.4/Build/CMakeFiles/CMakeTmp/Debug -MMD -MT dependencies -MF /Volumes/albert/OpenGL/glfw-3.3.4/Build/CMakeFiles/CMakeTmp/CMAKE_TRY_COMPILE.build/Debug/cmTC_43096.build/Objects-normal/x86_64/src.d --serialize-diagnostics /Volumes/albert/OpenGL/glfw-3.3.4/Build/CMakeFiles/CMakeTmp/CMAKE_TRY_COMPILE.build/Debug/cmTC_43096.build/Objects-normal/x86_64/src.dia -c /Volumes/albert/OpenGL/glfw-3.3.4/Build/CMakeFiles/CMakeTmp/src.c -o /Volumes/albert/OpenGL/glfw-3.3.4/Build/CMakeFiles/CMakeTmp/CMAKE_TRY_COMPILE.build/Debug/cmTC_43096.build/Objects-normal/x86_64/src.o

Ld Debug/cmTC_43096 normal x86_64
    cd /Volumes/albert/OpenGL/glfw-3.3.4/Build/CMakeFiles/CMakeTmp
    /Applications/Xcode.app/Contents/Developer/Toolchains/XcodeDefault.xctoolchain/usr/bin/clang -target x86_64-apple-macos10.15 -isysroot /Applications/Xcode.app/Contents/Developer/Platforms/MacOSX.platform/Developer/SDKs/MacOSX10.15.sdk -L/Volumes/albert/OpenGL/glfw-3.3.4/Build/CMakeFiles/CMakeTmp/Debug -F/Volumes/albert/OpenGL/glfw-3.3.4/Build/CMakeFiles/CMakeTmp/Debug -filelist /Volumes/albert/OpenGL/glfw-3.3.4/Build/CMakeFiles/CMakeTmp/CMAKE_TRY_COMPILE.build/Debug/cmTC_43096.build/Objects-normal/x86_64/cmTC_43096.LinkFileList -Xlinker -object_path_lto -Xlinker /Volumes/albert/OpenGL/glfw-3.3.4/Build/CMakeFiles/CMakeTmp/CMAKE_TRY_COMPILE.build/Debug/cmTC_43096.build/Objects-normal/x86_64/cmTC_43096_lto.o -Xlinker -no_deduplicate -Wl,-search_paths_first -Wl,-headerpad_max_install_names -Xlinker -dependency_info -Xlinker /Volumes/albert/OpenGL/glfw-3.3.4/Build/CMakeFiles/CMakeTmp/CMAKE_TRY_COMPILE.build/Debug/cmTC_43096.build/Objects-normal/x86_64/cmTC_43096_dependency_info.dat -o /Volumes/albert/OpenGL/glfw-3.3.4/Build/CMakeFiles/CMakeTmp/Debug/cmTC_43096

** BUILD SUCCEEDED **



Source file was:
#include <pthread.h>

static void* test_func(void* data)
{
  return data;
}

int main(void)
{
  pthread_t thread;
  pthread_create(&thread, NULL, test_func, NULL);
  pthread_detach(thread);
  pthread_cancel(thread);
  pthread_join(thread, NULL);
  pthread_atfork(NULL, NULL, NULL);
  pthread_exit(NULL);

  return 0;
}

